CustomKeyboard_2/app/build/intermediates/manifest_merge_blame_file/debug/manifest-merger-blame-debug-report.txt
1<?xml version="1.0" encoding="utf-8"?>
2<manifest xmlns:android="http://schemas.android.com/apk/res/android"
3    package="com.example.customkeyboard"
4    android:versionCode="1"
5    android:versionName="1.0" >
6
7    <uses-sdk
8        android:minSdkVersion="19"
8-->src\main\AndroidManifest.xml
9        android:targetSdkVersion="29" />
9-->src\main\AndroidManifest.xml
10
11    <uses-permission android:name="android.permission.CAMERA" >
11-->src\main\AndroidManifest.xml:4:5-5:65
11-->src\main\AndroidManifest.xml:5:5-45
12    </uses-permission>
13    <uses-permission android:name="android.permission.WRITE_EXTERNAL_STORAGE" >
13-->src\main\AndroidManifest.xml:6:5-7:85
13-->src\main\AndroidManifest.xml:7:9-65
14    </uses-permission>
15
16    <uses-feature
16-->src\main\AndroidManifest.xml:8:5-9:35
17        android:name="android.hardware.camera"
17-->src\main\AndroidManifest.xml:8:19-57
18        android:required="true" />
18-->src\main\AndroidManifest.xml:9:9-32
19
20    <uses-permission android:name="android.permission.NFC" />
20-->src\main\AndroidManifest.xml:10:5-62
20-->src\main\AndroidManifest.xml:10:22-59
21
22    <uses-feature
22-->src\main\AndroidManifest.xml:11:5-82
23        android:name="android.hardware.nfc"
23-->src\main\AndroidManifest.xml:11:19-54
24        android:required="false" />
24-->src\main\AndroidManifest.xml:11:55-79
25
26    <application
26-->src\main\AndroidManifest.xml:12:5-20:15
27        android:allowBackup="true"
27-->src\main\AndroidManifest.xml:12:145-171
28        android:appComponentFactory="androidx.core.app.CoreComponentFactory"
28-->[androidx.core:core:1.0.1] AndroidManifest.xml:22:18-86
29        android:debuggable="true"
30        android:icon="@mipmap/ic_launcher"
30-->src\main\AndroidManifest.xml:12:77-111
31        android:label="@string/app_name"
31-->src\main\AndroidManifest.xml:12:112-144
32        android:supportsRtl="true"
32-->src\main\AndroidManifest.xml:12:50-76
33        android:theme="@style/AppTheme" >
33-->src\main\AndroidManifest.xml:12:18-49
34        <service
34-->src\main\AndroidManifest.xml:13:5-19:15
35            android:name="com.example.customkeyboard.KeyboardServiceIME"
35-->src\main\AndroidManifest.xml:13:14-48
36            android:label="@string/ime"
36-->src\main\AndroidManifest.xml:13:49-76
37            android:permission="android.permission.BIND_INPUT_METHOD" >
37-->src\main\AndroidManifest.xml:13:77-134
38            <meta-data
38-->src\main\AndroidManifest.xml:14:5-79
39                android:name="android.view.im"
39-->src\main\AndroidManifest.xml:14:16-46
40                android:resource="@xml/method" />
40-->src\main\AndroidManifest.xml:14:47-77
41
42            <intent-filter>
42-->src\main\AndroidManifest.xml:15:5-18:21
43                <action android:name="android.view.InputMethod" />
43-->src\main\AndroidManifest.xml:17:5-54
43-->src\main\AndroidManifest.xml:17:13-52
44            </intent-filter>
45        </service>
46    </application>
47
48</manifest>